{"level":"warn","message":"Missing database configuration. Set MONGO_URL.","service":"identity-service","timestamp":"2026-06-26T06:17:51.578Z"}
{"0":"T","1":"h","10":"p","100":"t","101":"o","102":" ","103":"`","104":"m","105":"o","106":"n","107":"g","108":"o","109":"o","11":"a","110":"s","111":"e","112":".","113":"c","114":"o","115":"n","116":"n","117":"e","118":"c","119":"t","12":"r","120":"(","121":")","122":"`","123":" ","124":"o","125":"r","126":" ","127":"`","128":"m","129":"o","13":"a","130":"n","131":"g","132":"o","133":"o","134":"s","135":"e","136":".","137":"c","138":"r","139":"e","14":"m","140":"a","141":"t","142":"e","143":"C","144":"o","145":"n","146":"n","147":"e","148":"c","149":"t","15":"e","150":"i","151":"o","152":"n","153":"(","154":")","155":"`","156":" ","157":"i","158":"s","159":" ","16":"t","160":"a","161":" ","162":"s","163":"t","164":"r","165":"i","166":"n","167":"g","168":".","17":"e","18":"r","19":" ","2":"e","20":"t","21":"o","22":" ","23":"`","24":"o","25":"p","26":"e","27":"n","28":"U","29":"r","3":" ","30":"i","31":"(","32":")","33":"`","34":" ","35":"m","36":"u","37":"s","38":"t","39":" ","4":"`","40":"b","41":"e","42":" ","43":"a","44":" ","45":"s","46":"t","47":"r","48":"i","49":"n","5":"u","50":"g","51":",","52":" ","53":"g","54":"o","55":"t","56":" ","57":"\"","58":"u","59":"n","6":"r","60":"d","61":"e","62":"f","63":"i","64":"n","65":"e","66":"d","67":"\"","68":".","69":" ","7":"i","70":"M","71":"a","72":"k","73":"e","74":" ","75":"s","76":"u","77":"r","78":"e","79":" ","8":"`","80":"t","81":"h","82":"e","83":" ","84":"f","85":"i","86":"r","87":"s","88":"t","89":" ","9":" ","90":"p","91":"a","92":"r","93":"a","94":"m","95":"e","96":"t","97":"e","98":"r","99":" ","level":"warn","message":"MongoDB connection failed: ","service":"identity-service","timestamp":"2026-06-26T06:17:51.588Z"}
{"level":"warn","message":"Warning: Database connection failed. Server will start but database operations may be unavailable.","service":"identity-service","timestamp":"2026-06-26T06:17:51.591Z"}
{"level":"info","message":"Server is running at port: ","service":"identity-service","timestamp":"2026-06-26T06:17:51.599Z"}
{"level":"warn","message":"Missing database configuration. Set MONGO_URL.","service":"identity-service","timestamp":"2026-06-26T06:18:08.403Z"}
{"0":"T","1":"h","10":"p","100":"t","101":"o","102":" ","103":"`","104":"m","105":"o","106":"n","107":"g","108":"o","109":"o","11":"a","110":"s","111":"e","112":".","113":"c","114":"o","115":"n","116":"n","117":"e","118":"c","119":"t","12":"r","120":"(","121":")","122":"`","123":" ","124":"o","125":"r","126":" ","127":"`","128":"m","129":"o","13":"a","130":"n","131":"g","132":"o","133":"o","134":"s","135":"e","136":".","137":"c","138":"r","139":"e","14":"m","140":"a","141":"t","142":"e","143":"C","144":"o","145":"n","146":"n","147":"e","148":"c","149":"t","15":"e","150":"i","151":"o","152":"n","153":"(","154":")","155":"`","156":" ","157":"i","158":"s","159":" ","16":"t","160":"a","161":" ","162":"s","163":"t","164":"r","165":"i","166":"n","167":"g","168":".","17":"e","18":"r","19":" ","2":"e","20":"t","21":"o","22":" ","23":"`","24":"o","25":"p","26":"e","27":"n","28":"U","29":"r","3":" ","30":"i","31":"(","32":")","33":"`","34":" ","35":"m","36":"u","37":"s","38":"t","39":" ","4":"`","40":"b","41":"e","42":" ","43":"a","44":" ","45":"s","46":"t","47":"r","48":"i","49":"n","5":"u","50":"g","51":",","52":" ","53":"g","54":"o","55":"t","56":" ","57":"\"","58":"u","59":"n","6":"r","60":"d","61":"e","62":"f","63":"i","64":"n","65":"e","66":"d","67":"\"","68":".","69":" ","7":"i","70":"M","71":"a","72":"k","73":"e","74":" ","75":"s","76":"u","77":"r","78":"e","79":" ","8":"`","80":"t","81":"h","82":"e","83":" ","84":"f","85":"i","86":"r","87":"s","88":"t","89":" ","9":" ","90":"p","91":"a","92":"r","93":"a","94":"m","95":"e","96":"t","97":"e","98":"r","99":" ","level":"warn","message":"MongoDB connection failed: ","service":"identity-service","timestamp":"2026-06-26T06:18:08.414Z"}
{"level":"warn","message":"Warning: Database connection failed. Server will start but database operations may be unavailable.","service":"identity-service","timestamp":"2026-06-26T06:18:08.417Z"}
{"level":"info","message":"Server is running at port: ","service":"identity-service","timestamp":"2026-06-26T06:18:08.424Z"}
{"level":"warn","message":"Missing database configuration. Set MONGO_URL.","service":"identity-service","timestamp":"2026-06-26T06:19:28.044Z"}
{"0":"T","1":"h","10":"p","100":"t","101":"o","102":" ","103":"`","104":"m","105":"o","106":"n","107":"g","108":"o","109":"o","11":"a","110":"s","111":"e","112":".","113":"c","114":"o","115":"n","116":"n","117":"e","118":"c","119":"t","12":"r","120":"(","121":")","122":"`","123":" ","124":"o","125":"r","126":" ","127":"`","128":"m","129":"o","13":"a","130":"n","131":"g","132":"o","133":"o","134":"s","135":"e","136":".","137":"c","138":"r","139":"e","14":"m","140":"a","141":"t","142":"e","143":"C","144":"o","145":"n","146":"n","147":"e","148":"c","149":"t","15":"e","150":"i","151":"o","152":"n","153":"(","154":")","155":"`","156":" ","157":"i","158":"s","159":" ","16":"t","160":"a","161":" ","162":"s","163":"t","164":"r","165":"i","166":"n","167":"g","168":".","17":"e","18":"r","19":" ","2":"e","20":"t","21":"o","22":" ","23":"`","24":"o","25":"p","26":"e","27":"n","28":"U","29":"r","3":" ","30":"i","31":"(","32":")","33":"`","34":" ","35":"m","36":"u","37":"s","38":"t","39":" ","4":"`","40":"b","41":"e","42":" ","43":"a","44":" ","45":"s","46":"t","47":"r","48":"i","49":"n","5":"u","50":"g","51":",","52":" ","53":"g","54":"o","55":"t","56":" ","57":"\"","58":"u","59":"n","6":"r","60":"d","61":"e","62":"f","63":"i","64":"n","65":"e","66":"d","67":"\"","68":".","69":" ","7":"i","70":"M","71":"a","72":"k","73":"e","74":" ","75":"s","76":"u","77":"r","78":"e","79":" ","8":"`","80":"t","81":"h","82":"e","83":" ","84":"f","85":"i","86":"r","87":"s","88":"t","89":" ","9":" ","90":"p","91":"a","92":"r","93":"a","94":"m","95":"e","96":"t","97":"e","98":"r","99":" ","level":"warn","message":"MongoDB connection failed: ","service":"identity-service","timestamp":"2026-06-26T06:19:28.054Z"}
{"level":"warn","message":"Warning: Database connection failed. Server will start but database operations may be unavailable.","service":"identity-service","timestamp":"2026-06-26T06:19:28.057Z"}
{"level":"info","message":"Server is running at port: ","service":"identity-service","timestamp":"2026-06-26T06:19:28.063Z"}
{"level":"warn","message":"Missing database configuration. Set MONGODB_URI.","service":"identity-service","timestamp":"2026-06-26T06:20:47.289Z"}
{"0":"T","1":"h","10":"p","100":"t","101":"o","102":" ","103":"`","104":"m","105":"o","106":"n","107":"g","108":"o","109":"o","11":"a","110":"s","111":"e","112":".","113":"c","114":"o","115":"n","116":"n","117":"e","118":"c","119":"t","12":"r","120":"(","121":")","122":"`","123":" ","124":"o","125":"r","126":" ","127":"`","128":"m","129":"o","13":"a","130":"n","131":"g","132":"o","133":"o","134":"s","135":"e","136":".","137":"c","138":"r","139":"e","14":"m","140":"a","141":"t","142":"e","143":"C","144":"o","145":"n","146":"n","147":"e","148":"c","149":"t","15":"e","150":"i","151":"o","152":"n","153":"(","154":")","155":"`","156":" ","157":"i","158":"s","159":" ","16":"t","160":"a","161":" ","162":"s","163":"t","164":"r","165":"i","166":"n","167":"g","168":".","17":"e","18":"r","19":" ","2":"e","20":"t","21":"o","22":" ","23":"`","24":"o","25":"p","26":"e","27":"n","28":"U","29":"r","3":" ","30":"i","31":"(","32":")","33":"`","34":" ","35":"m","36":"u","37":"s","38":"t","39":" ","4":"`","40":"b","41":"e","42":" ","43":"a","44":" ","45":"s","46":"t","47":"r","48":"i","49":"n","5":"u","50":"g","51":",","52":" ","53":"g","54":"o","55":"t","56":" ","57":"\"","58":"u","59":"n","6":"r","60":"d","61":"e","62":"f","63":"i","64":"n","65":"e","66":"d","67":"\"","68":".","69":" ","7":"i","70":"M","71":"a","72":"k","73":"e","74":" ","75":"s","76":"u","77":"r","78":"e","79":" ","8":"`","80":"t","81":"h","82":"e","83":" ","84":"f","85":"i","86":"r","87":"s","88":"t","89":" ","9":" ","90":"p","91":"a","92":"r","93":"a","94":"m","95":"e","96":"t","97":"e","98":"r","99":" ","level":"warn","message":"MongoDB connection failed: ","service":"identity-service","timestamp":"2026-06-26T06:20:47.298Z"}
{"level":"warn","message":"Warning: Database connection failed. Server will start but database operations may be unavailable.","service":"identity-service","timestamp":"2026-06-26T06:20:47.300Z"}
{"0":"3","1":"0","2":"0","3":"1","level":"info","message":"Server is running at port: ","service":"identity-service","timestamp":"2026-06-26T06:20:47.307Z"}
{"level":"warn","message":"Missing database configuration. Set MONGODB_URI.","service":"identity-service","timestamp":"2026-06-26T06:33:47.131Z"}
{"0":"T","1":"h","10":"p","100":"t","101":"o","102":" ","103":"`","104":"m","105":"o","106":"n","107":"g","108":"o","109":"o","11":"a","110":"s","111":"e","112":".","113":"c","114":"o","115":"n","116":"n","117":"e","118":"c","119":"t","12":"r","120":"(","121":")","122":"`","123":" ","124":"o","125":"r","126":" ","127":"`","128":"m","129":"o","13":"a","130":"n","131":"g","132":"o","133":"o","134":"s","135":"e","136":".","137":"c","138":"r","139":"e","14":"m","140":"a","141":"t","142":"e","143":"C","144":"o","145":"n","146":"n","147":"e","148":"c","149":"t","15":"e","150":"i","151":"o","152":"n","153":"(","154":")","155":"`","156":" ","157":"i","158":"s","159":" ","16":"t","160":"a","161":" ","162":"s","163":"t","164":"r","165":"i","166":"n","167":"g","168":".","17":"e","18":"r","19":" ","2":"e","20":"t","21":"o","22":" ","23":"`","24":"o","25":"p","26":"e","27":"n","28":"U","29":"r","3":" ","30":"i","31":"(","32":")","33":"`","34":" ","35":"m","36":"u","37":"s","38":"t","39":" ","4":"`","40":"b","41":"e","42":" ","43":"a","44":" ","45":"s","46":"t","47":"r","48":"i","49":"n","5":"u","50":"g","51":",","52":" ","53":"g","54":"o","55":"t","56":" ","57":"\"","58":"u","59":"n","6":"r","60":"d","61":"e","62":"f","63":"i","64":"n","65":"e","66":"d","67":"\"","68":".","69":" ","7":"i","70":"M","71":"a","72":"k","73":"e","74":" ","75":"s","76":"u","77":"r","78":"e","79":" ","8":"`","80":"t","81":"h","82":"e","83":" ","84":"f","85":"i","86":"r","87":"s","88":"t","89":" ","9":" ","90":"p","91":"a","92":"r","93":"a","94":"m","95":"e","96":"t","97":"e","98":"r","99":" ","level":"warn","message":"MongoDB connection failed: ","service":"identity-service","timestamp":"2026-06-26T06:33:47.136Z"}
{"level":"warn","message":"Warning: Database connection failed. Server will start but database operations may be unavailable.","service":"identity-service","timestamp":"2026-06-26T06:33:47.137Z"}
{"level":"info","message":"Server is running at port: ","service":"identity-service","timestamp":"2026-06-26T06:33:47.142Z"}
{"level":"warn","message":"Missing database configuration. Set MONGODB_URI.","service":"identity-service","timestamp":"2026-06-26T06:34:05.992Z"}
{"0":"T","1":"h","10":"p","100":"t","101":"o","102":" ","103":"`","104":"m","105":"o","106":"n","107":"g","108":"o","109":"o","11":"a","110":"s","111":"e","112":".","113":"c","114":"o","115":"n","116":"n","117":"e","118":"c","119":"t","12":"r","120":"(","121":")","122":"`","123":" ","124":"o","125":"r","126":" ","127":"`","128":"m","129":"o","13":"a","130":"n","131":"g","132":"o","133":"o","134":"s","135":"e","136":".","137":"c","138":"r","139":"e","14":"m","140":"a","141":"t","142":"e","143":"C","144":"o","145":"n","146":"n","147":"e","148":"c","149":"t","15":"e","150":"i","151":"o","152":"n","153":"(","154":")","155":"`","156":" ","157":"i","158":"s","159":" ","16":"t","160":"a","161":" ","162":"s","163":"t","164":"r","165":"i","166":"n","167":"g","168":".","17":"e","18":"r","19":" ","2":"e","20":"t","21":"o","22":" ","23":"`","24":"o","25":"p","26":"e","27":"n","28":"U","29":"r","3":" ","30":"i","31":"(","32":")","33":"`","34":" ","35":"m","36":"u","37":"s","38":"t","39":" ","4":"`","40":"b","41":"e","42":" ","43":"a","44":" ","45":"s","46":"t","47":"r","48":"i","49":"n","5":"u","50":"g","51":",","52":" ","53":"g","54":"o","55":"t","56":" ","57":"\"","58":"u","59":"n","6":"r","60":"d","61":"e","62":"f","63":"i","64":"n","65":"e","66":"d","67":"\"","68":".","69":" ","7":"i","70":"M","71":"a","72":"k","73":"e","74":" ","75":"s","76":"u","77":"r","78":"e","79":" ","8":"`","80":"t","81":"h","82":"e","83":" ","84":"f","85":"i","86":"r","87":"s","88":"t","89":" ","9":" ","90":"p","91":"a","92":"r","93":"a","94":"m","95":"e","96":"t","97":"e","98":"r","99":" ","level":"warn","message":"MongoDB connection failed: ","service":"identity-service","timestamp":"2026-06-26T06:34:05.998Z"}
{"level":"warn","message":"Warning: Database connection failed. Server will start but database operations may be unavailable.","service":"identity-service","timestamp":"2026-06-26T06:34:05.999Z"}
{"level":"info","message":"Server is running at port: ","service":"identity-service","timestamp":"2026-06-26T06:34:06.003Z"}
{"level":"warn","message":"Missing database configuration. Set MONGODB_URI.","service":"identity-service","timestamp":"2026-06-26T06:34:15.058Z"}
{"0":"T","1":"h","10":"p","100":"t","101":"o","102":" ","103":"`","104":"m","105":"o","106":"n","107":"g","108":"o","109":"o","11":"a","110":"s","111":"e","112":".","113":"c","114":"o","115":"n","116":"n","117":"e","118":"c","119":"t","12":"r","120":"(","121":")","122":"`","123":" ","124":"o","125":"r","126":" ","127":"`","128":"m","129":"o","13":"a","130":"n","131":"g","132":"o","133":"o","134":"s","135":"e","136":".","137":"c","138":"r","139":"e","14":"m","140":"a","141":"t","142":"e","143":"C","144":"o","145":"n","146":"n","147":"e","148":"c","149":"t","15":"e","150":"i","151":"o","152":"n","153":"(","154":")","155":"`","156":" ","157":"i","158":"s","159":" ","16":"t","160":"a","161":" ","162":"s","163":"t","164":"r","165":"i","166":"n","167":"g","168":".","17":"e","18":"r","19":" ","2":"e","20":"t","21":"o","22":" ","23":"`","24":"o","25":"p","26":"e","27":"n","28":"U","29":"r","3":" ","30":"i","31":"(","32":")","33":"`","34":" ","35":"m","36":"u","37":"s","38":"t","39":" ","4":"`","40":"b","41":"e","42":" ","43":"a","44":" ","45":"s","46":"t","47":"r","48":"i","49":"n","5":"u","50":"g","51":",","52":" ","53":"g","54":"o","55":"t","56":" ","57":"\"","58":"u","59":"n","6":"r","60":"d","61":"e","62":"f","63":"i","64":"n","65":"e","66":"d","67":"\"","68":".","69":" ","7":"i","70":"M","71":"a","72":"k","73":"e","74":" ","75":"s","76":"u","77":"r","78":"e","79":" ","8":"`","80":"t","81":"h","82":"e","83":" ","84":"f","85":"i","86":"r","87":"s","88":"t","89":" ","9":" ","90":"p","91":"a","92":"r","93":"a","94":"m","95":"e","96":"t","97":"e","98":"r","99":" ","level":"warn","message":"MongoDB connection failed: ","service":"identity-service","timestamp":"2026-06-26T06:34:15.064Z"}
{"level":"warn","message":"Warning: Database connection failed. Server will start but database operations may be unavailable.","service":"identity-service","timestamp":"2026-06-26T06:34:15.066Z"}
{"level":"info","message":"Server is running at port: ","service":"identity-service","timestamp":"2026-06-26T06:34:15.070Z"}
{"level":"warn","message":"Missing database configuration. Set MONGODB_URI.","service":"identity-service","timestamp":"2026-06-26T06:35:30.077Z"}
{"0":"T","1":"h","10":"p","100":"t","101":"o","102":" ","103":"`","104":"m","105":"o","106":"n","107":"g","108":"o","109":"o","11":"a","110":"s","111":"e","112":".","113":"c","114":"o","115":"n","116":"n","117":"e","118":"c","119":"t","12":"r","120":"(","121":")","122":"`","123":" ","124":"o","125":"r","126":" ","127":"`","128":"m","129":"o","13":"a","130":"n","131":"g","132":"o","133":"o","134":"s","135":"e","136":".","137":"c","138":"r","139":"e","14":"m","140":"a","141":"t","142":"e","143":"C","144":"o","145":"n","146":"n","147":"e","148":"c","149":"t","15":"e","150":"i","151":"o","152":"n","153":"(","154":")","155":"`","156":" ","157":"i","158":"s","159":" ","16":"t","160":"a","161":" ","162":"s","163":"t","164":"r","165":"i","166":"n","167":"g","168":".","17":"e","18":"r","19":" ","2":"e","20":"t","21":"o","22":" ","23":"`","24":"o","25":"p","26":"e","27":"n","28":"U","29":"r","3":" ","30":"i","31":"(","32":")","33":"`","34":" ","35":"m","36":"u","37":"s","38":"t","39":" ","4":"`","40":"b","41":"e","42":" ","43":"a","44":" ","45":"s","46":"t","47":"r","48":"i","49":"n","5":"u","50":"g","51":",","52":" ","53":"g","54":"o","55":"t","56":" ","57":"\"","58":"u","59":"n","6":"r","60":"d","61":"e","62":"f","63":"i","64":"n","65":"e","66":"d","67":"\"","68":".","69":" ","7":"i","70":"M","71":"a","72":"k","73":"e","74":" ","75":"s","76":"u","77":"r","78":"e","79":" ","8":"`","80":"t","81":"h","82":"e","83":" ","84":"f","85":"i","86":"r","87":"s","88":"t","89":" ","9":" ","90":"p","91":"a","92":"r","93":"a","94":"m","95":"e","96":"t","97":"e","98":"r","99":" ","level":"warn","message":"MongoDB connection failed: ","service":"identity-service","timestamp":"2026-06-26T06:35:30.082Z"}
{"level":"warn","message":"Warning: Database connection failed. Server will start but database operations may be unavailable.","service":"identity-service","timestamp":"2026-06-26T06:35:30.083Z"}
{"level":"info","message":"Server is running at port: ","service":"identity-service","timestamp":"2026-06-26T06:35:30.088Z"}
{"level":"warn","message":"Missing database configuration. Set MONGODB_URI.","service":"identity-service","timestamp":"2026-06-26T06:43:21.544Z"}
{"level":"warn","message":"Warning: Database connection failed. Server will start but database operations may be unavailable.","service":"identity-service","timestamp":"2026-06-26T06:43:21.547Z"}
{"level":"info","message":"Server is running at port: ","service":"identity-service","timestamp":"2026-06-26T06:43:21.550Z"}
{"0":"3","1":"0","2":"0","3":"1","level":"info","message":"Server is running at port: ","service":"identity-service","timestamp":"2026-06-26T06:45:04.415Z"}
{"0":"3","1":"0","2":"0","3":"1","level":"info","message":"Server is running at port: ","service":"identity-service","timestamp":"2026-06-26T07:05:54.668Z"}
{"0":"3","1":"0","2":"0","3":"1","level":"info","message":"Server is running at port: ","service":"identity-service","timestamp":"2026-06-26T07:06:05.250Z"}
{"0":"3","1":"0","2":"0","3":"1","level":"info","message":"Server is running at port: ","service":"identity-service","timestamp":"2026-06-26T07:06:07.070Z"}
{"0":"3","1":"0","2":"0","3":"1","level":"info","message":"Server is running at port: ","service":"identity-service","timestamp":"2026-06-26T07:07:33.703Z"}
{"0":"3","1":"0","2":"0","3":"1","level":"info","message":"Server is running at port: ","service":"identity-service","timestamp":"2026-06-26T07:07:38.019Z"}
{"level":"info","message":"Server is running at port: 3001","service":"identity-service","timestamp":"2026-06-26T09:05:14.175Z"}
{"level":"info","message":"Received POST request to /api/auth/register","service":"identity-service","timestamp":"2026-06-26T09:07:06.026Z"}
{"level":"info","message":"Request body: {\"firstName\":\"Seshu\",\"lastName\":\"Yaswanth\",\"email\":\"seshu@gmail.com\",\"password\":\"[HIDDEN]\"}","service":"identity-service","timestamp":"2026-06-26T09:07:06.028Z"}
{"level":"info","message":"register controller hit..","service":"identity-service","timestamp":"2026-06-26T09:07:06.071Z"}
{"level":"warn","message":"Registration error occured next is not a function","service":"identity-service","stack":"TypeError: next is not a function\n    at model.<anonymous> (file:///C:/Users/Admin/Desktop/Job%20Hunt/node_part2/node-microservices/identity-services/src/models/User.js:46:3)\n    at Kareem.execPre (C:\\Users\\Admin\\Desktop\\Job Hunt\\node_part2\\node-microservices\\identity-services\\node_modules\\kareem\\index.js:59:39)\n    at model._execDocumentPreHooks (C:\\Users\\Admin\\Desktop\\Job Hunt\\node_part2\\node-microservices\\identity-services\\node_modules\\mongoose\\lib\\document.js:3210:29)\n    at model.$__save (C:\\Users\\Admin\\Desktop\\Job Hunt\\node_part2\\node-microservices\\identity-services\\node_modules\\mongoose\\lib\\model.js:403:16)\n    at process.processTicksAndRejections (node:internal/process/task_queues:105:5)\n    at async maybeTracedSave (C:\\Users\\Admin\\Desktop\\Job Hunt\\node_part2\\node-microservices\\identity-services\\node_modules\\mongoose\\lib\\model.js:675:7)\n    at async registerUser (file:///C:/Users/Admin/Desktop/Job%20Hunt/node_part2/node-microservices/identity-services/src/controllers/identity-controller.js:43:5)","timestamp":"2026-06-26T09:07:06.162Z"}
{"level":"info","message":"Server is running at port: 3001","service":"identity-service","timestamp":"2026-06-26T09:09:51.319Z"}
{"level":"info","message":"Server is running at port: 3001","service":"identity-service","timestamp":"2026-06-26T09:10:08.881Z"}
{"level":"info","message":"Server is running at port: 3001","service":"identity-service","timestamp":"2026-06-26T09:10:32.751Z"}
{"level":"info","message":"Server is running at port: 3001","service":"identity-service","timestamp":"2026-06-26T09:10:35.230Z"}
{"level":"info","message":"Server is running at port: 3001","service":"identity-service","timestamp":"2026-06-26T09:10:53.042Z"}
{"level":"info","message":"Received POST request to /api/auth/register","service":"identity-service","timestamp":"2026-06-26T09:10:59.866Z"}
{"level":"info","message":"Request body: {\"firstName\":\"Seshu\",\"lastName\":\"Yaswanth\",\"email\":\"seshu@gmail.com\",\"password\":\"[HIDDEN]\"}","service":"identity-service","timestamp":"2026-06-26T09:10:59.867Z"}
{"level":"info","message":"register controller hit..","service":"identity-service","timestamp":"2026-06-26T09:10:59.881Z"}
{"level":"warn","message":"Registration error occured next is not a function","service":"identity-service","stack":"TypeError: next is not a function\n    at model.<anonymous> (file:///C:/Users/Admin/Desktop/Job%20Hunt/node_part2/node-microservices/identity-services/src/models/User.js:46:3)\n    at Kareem.execPre (C:\\Users\\Admin\\Desktop\\Job Hunt\\node_part2\\node-microservices\\identity-services\\node_modules\\kareem\\index.js:59:39)\n    at model._execDocumentPreHooks (C:\\Users\\Admin\\Desktop\\Job Hunt\\node_part2\\node-microservices\\identity-services\\node_modules\\mongoose\\lib\\document.js:3210:29)\n    at model.$__save (C:\\Users\\Admin\\Desktop\\Job Hunt\\node_part2\\node-microservices\\identity-services\\node_modules\\mongoose\\lib\\model.js:403:16)\n    at process.processTicksAndRejections (node:internal/process/task_queues:105:5)\n    at async maybeTracedSave (C:\\Users\\Admin\\Desktop\\Job Hunt\\node_part2\\node-microservices\\identity-services\\node_modules\\mongoose\\lib\\model.js:675:7)\n    at async registerUser (file:///C:/Users/Admin/Desktop/Job%20Hunt/node_part2/node-microservices/identity-services/src/controllers/identity-controller.js:43:5)","timestamp":"2026-06-26T09:10:59.983Z"}
{"level":"info","message":"Server is running at port: 3001","service":"identity-service","timestamp":"2026-06-26T09:12:21.084Z"}
{"level":"info","message":"Server is running at port: 3001","service":"identity-service","timestamp":"2026-06-26T09:12:27.663Z"}
{"level":"info","message":"Received POST request to /api/auth/register","service":"identity-service","timestamp":"2026-06-26T09:12:39.873Z"}
{"level":"info","message":"Request body: {\"firstName\":\"Seshu\",\"lastName\":\"Yaswanth\",\"email\":\"seshu@gmail.com\",\"password\":\"[HIDDEN]\"}","service":"identity-service","timestamp":"2026-06-26T09:12:39.874Z"}
{"level":"info","message":"register controller hit..","service":"identity-service","timestamp":"2026-06-26T09:12:39.886Z"}
{"level":"warn","message":"Registration error occured next is not a function","service":"identity-service","stack":"TypeError: next is not a function\n    at model.<anonymous> (file:///C:/Users/Admin/Desktop/Job%20Hunt/node_part2/node-microservices/identity-services/src/models/User.js:46:3)\n    at Kareem.execPre (C:\\Users\\Admin\\Desktop\\Job Hunt\\node_part2\\node-microservices\\identity-services\\node_modules\\kareem\\index.js:59:39)\n    at model._execDocumentPreHooks (C:\\Users\\Admin\\Desktop\\Job Hunt\\node_part2\\node-microservices\\identity-services\\node_modules\\mongoose\\lib\\document.js:3210:29)\n    at model.$__save (C:\\Users\\Admin\\Desktop\\Job Hunt\\node_part2\\node-microservices\\identity-services\\node_modules\\mongoose\\lib\\model.js:403:16)\n    at process.processTicksAndRejections (node:internal/process/task_queues:105:5)\n    at async maybeTracedSave (C:\\Users\\Admin\\Desktop\\Job Hunt\\node_part2\\node-microservices\\identity-services\\node_modules\\mongoose\\lib\\model.js:675:7)\n    at async registerUser (file:///C:/Users/Admin/Desktop/Job%20Hunt/node_part2/node-microservices/identity-services/src/controllers/identity-controller.js:43:5)","timestamp":"2026-06-26T09:12:39.998Z"}
{"level":"info","message":"Server is running at port: 3001","service":"identity-service","timestamp":"2026-06-26T09:14:51.595Z"}
{"level":"info","message":"Received POST request to /api/auth/register","service":"identity-service","timestamp":"2026-06-26T09:14:58.656Z"}
{"level":"info","message":"Request body: {\"firstName\":\"Seshu\",\"lastName\":\"Yaswanth\",\"email\":\"seshu@gmail.com\",\"password\":\"[HIDDEN]\"}","service":"identity-service","timestamp":"2026-06-26T09:14:58.658Z"}
{"level":"info","message":"register controller hit..","service":"identity-service","timestamp":"2026-06-26T09:14:58.670Z"}
{"level":"warn","message":"Registration error occured next is not a function","service":"identity-service","stack":"TypeError: next is not a function\n    at model.<anonymous> (file:///C:/Users/Admin/Desktop/Job%20Hunt/node_part2/node-microservices/identity-services/src/models/User.js:46:3)\n    at Kareem.execPre (C:\\Users\\Admin\\Desktop\\Job Hunt\\node_part2\\node-microservices\\identity-services\\node_modules\\kareem\\index.js:59:39)\n    at model._execDocumentPreHooks (C:\\Users\\Admin\\Desktop\\Job Hunt\\node_part2\\node-microservices\\identity-services\\node_modules\\mongoose\\lib\\document.js:3210:29)\n    at model.$__save (C:\\Users\\Admin\\Desktop\\Job Hunt\\node_part2\\node-microservices\\identity-services\\node_modules\\mongoose\\lib\\model.js:403:16)\n    at process.processTicksAndRejections (node:internal/process/task_queues:105:5)\n    at async maybeTracedSave (C:\\Users\\Admin\\Desktop\\Job Hunt\\node_part2\\node-microservices\\identity-services\\node_modules\\mongoose\\lib\\model.js:675:7)\n    at async registerUser (file:///C:/Users/Admin/Desktop/Job%20Hunt/node_part2/node-microservices/identity-services/src/controllers/identity-controller.js:43:5)","timestamp":"2026-06-26T09:14:58.771Z"}
{"level":"info","message":"Server is running at port: 3001","service":"identity-service","timestamp":"2026-06-26T09:16:10.693Z"}
{"level":"info","message":"Server is running at port: 3001","service":"identity-service","timestamp":"2026-06-26T09:16:12.827Z"}
{"level":"info","message":"Server is running at port: 3001","service":"identity-service","timestamp":"2026-06-26T09:16:31.606Z"}
{"level":"info","message":"Received POST request to /api/auth/register","service":"identity-service","timestamp":"2026-06-26T09:17:32.295Z"}
{"level":"info","message":"Request body: {\"firstName\":\"Seshu\",\"lastName\":\"Yaswanth\",\"email\":\"seshu@gmail.com\",\"password\":\"[HIDDEN]\"}","service":"identity-service","timestamp":"2026-06-26T09:17:32.296Z"}
{"level":"info","message":"register controller hit..","service":"identity-service","timestamp":"2026-06-26T09:17:32.302Z"}
{"level":"info","message":"Server is running at port: 3001","service":"identity-service","timestamp":"2026-06-26T11:22:05.886Z"}
{"level":"info","message":"Received POST request to /api/auth/register","service":"identity-service","timestamp":"2026-06-26T11:22:14.720Z"}
{"level":"info","message":"Request body: {\"firstName\":\"Seshu\",\"lastName\":\"Yaswanth\",\"email\":\"seshu@gmail.com\",\"password\":\"[HIDDEN]\"}","service":"identity-service","timestamp":"2026-06-26T11:22:14.722Z"}
{"level":"info","message":"register controller hit..","service":"identity-service","timestamp":"2026-06-26T11:22:14.738Z"}
{"level":"warn","message":"User already exists","service":"identity-service","timestamp":"2026-06-26T11:22:14.949Z"}
{"level":"info","message":"Received POST request to /api/auth/register","service":"identity-service","timestamp":"2026-06-26T11:22:26.159Z"}
{"level":"info","message":"Request body: {\"firstName\":\"Seshu\",\"lastName\":\"Yaswanth\",\"email\":\"seshuyaswanth@gmail.com\",\"password\":\"[HIDDEN]\"}","service":"identity-service","timestamp":"2026-06-26T11:22:26.160Z"}
{"level":"info","message":"register controller hit..","service":"identity-service","timestamp":"2026-06-26T11:22:26.173Z"}
{"level":"warn","message":"User already exists","service":"identity-service","timestamp":"2026-06-26T11:22:26.261Z"}
{"level":"info","message":"Received POST request to /api/auth/register","service":"identity-service","timestamp":"2026-06-26T11:22:49.941Z"}
{"level":"info","message":"Request body: {\"firstName\":\"Seshu\",\"lastName\":\"Yaswanth Reddy\",\"email\":\"seshuyaswanth@gmail.com\",\"password\":\"[HIDDEN]\"}","service":"identity-service","timestamp":"2026-06-26T11:22:49.943Z"}
{"level":"info","message":"register controller hit..","service":"identity-service","timestamp":"2026-06-26T11:22:49.948Z"}
{"level":"info","message":"Received POST request to /api/auth/register","service":"identity-service","timestamp":"2026-06-26T11:34:55.599Z"}
{"level":"info","message":"Request body: {\"firstName\":\"Seshu\",\"lastName\":\"Yaswanth Reddy\",\"email\":\"seshuyaswanth@gmail.com\",\"password\":\"[HIDDEN]\"}","service":"identity-service","timestamp":"2026-06-26T11:34:55.600Z"}
{"level":"info","message":"register controller hit..","service":"identity-service","timestamp":"2026-06-26T11:34:55.604Z"}
{"level":"warn","message":"User already exists","service":"identity-service","timestamp":"2026-06-26T11:34:55.646Z"}
{"level":"info","message":"Received POST request to /api/auth/register","service":"identity-service","timestamp":"2026-06-26T11:34:59.697Z"}
{"level":"info","message":"Request body: {\"firstName\":\"Seshu\",\"lastName\":\"Yaswanth Reddy\",\"email\":\"seshuyaswanth@gmail.com\",\"password\":\"[HIDDEN]\"}","service":"identity-service","timestamp":"2026-06-26T11:34:59.698Z"}
{"level":"info","message":"register controller hit..","service":"identity-service","timestamp":"2026-06-26T11:34:59.702Z"}
{"level":"warn","message":"User already exists","service":"identity-service","timestamp":"2026-06-26T11:34:59.733Z"}
{"level":"info","message":"Received POST request to /api/auth/register","service":"identity-service","timestamp":"2026-06-26T11:35:00.791Z"}
{"level":"info","message":"Request body: {\"firstName\":\"Seshu\",\"lastName\":\"Yaswanth Reddy\",\"email\":\"seshuyaswanth@gmail.com\",\"password\":\"[HIDDEN]\"}","service":"identity-service","timestamp":"2026-06-26T11:35:00.792Z"}
{"level":"info","message":"register controller hit..","service":"identity-service","timestamp":"2026-06-26T11:35:00.798Z"}
{"level":"warn","message":"User already exists","service":"identity-service","timestamp":"2026-06-26T11:35:00.836Z"}
{"level":"info","message":"Received POST request to /api/auth/register","service":"identity-service","timestamp":"2026-06-26T11:35:01.569Z"}
{"level":"info","message":"Request body: {\"firstName\":\"Seshu\",\"lastName\":\"Yaswanth Reddy\",\"email\":\"seshuyaswanth@gmail.com\",\"password\":\"[HIDDEN]\"}","service":"identity-service","timestamp":"2026-06-26T11:35:01.569Z"}
{"level":"info","message":"register controller hit..","service":"identity-service","timestamp":"2026-06-26T11:35:01.571Z"}
{"level":"warn","message":"User already exists","service":"identity-service","timestamp":"2026-06-26T11:35:01.600Z"}
{"level":"info","message":"Received POST request to /api/auth/register","service":"identity-service","timestamp":"2026-06-26T11:35:02.058Z"}
{"level":"info","message":"Request body: {\"firstName\":\"Seshu\",\"lastName\":\"Yaswanth Reddy\",\"email\":\"seshuyaswanth@gmail.com\",\"password\":\"[HIDDEN]\"}","service":"identity-service","timestamp":"2026-06-26T11:35:02.058Z"}
{"level":"info","message":"register controller hit..","service":"identity-service","timestamp":"2026-06-26T11:35:02.061Z"}
{"level":"warn","message":"User already exists","service":"identity-service","timestamp":"2026-06-26T11:35:02.093Z"}
{"level":"info","message":"Received POST request to /api/auth/register","service":"identity-service","timestamp":"2026-06-26T11:35:06.671Z"}
{"level":"info","message":"Request body: {\"firstName\":\"Seshu\",\"lastName\":\"Yaswanth Reddy\",\"email\":\"seshuyaswanth@gmail.com\",\"password\":\"[HIDDEN]\"}","service":"identity-service","timestamp":"2026-06-26T11:35:06.671Z"}
{"level":"info","message":"register controller hit..","service":"identity-service","timestamp":"2026-06-26T11:35:06.676Z"}
{"level":"warn","message":"User already exists","service":"identity-service","timestamp":"2026-06-26T11:35:06.711Z"}
{"level":"info","message":"Received POST request to /api/auth/register","service":"identity-service","timestamp":"2026-06-26T11:35:07.879Z"}
{"level":"info","message":"Request body: {\"firstName\":\"Seshu\",\"lastName\":\"Yaswanth Reddy\",\"email\":\"seshuyaswanth@gmail.com\",\"password\":\"[HIDDEN]\"}","service":"identity-service","timestamp":"2026-06-26T11:35:07.880Z"}
{"level":"info","message":"register controller hit..","service":"identity-service","timestamp":"2026-06-26T11:35:07.883Z"}
{"level":"warn","message":"User already exists","service":"identity-service","timestamp":"2026-06-26T11:35:07.931Z"}
{"level":"info","message":"Received POST request to /api/auth/register","service":"identity-service","timestamp":"2026-06-26T11:35:08.528Z"}
{"level":"info","message":"Request body: {\"firstName\":\"Seshu\",\"lastName\":\"Yaswanth Reddy\",\"email\":\"seshuyaswanth@gmail.com\",\"password\":\"[HIDDEN]\"}","service":"identity-service","timestamp":"2026-06-26T11:35:08.529Z"}
{"level":"info","message":"register controller hit..","service":"identity-service","timestamp":"2026-06-26T11:35:08.532Z"}
{"level":"warn","message":"User already exists","service":"identity-service","timestamp":"2026-06-26T11:35:08.568Z"}
{"level":"info","message":"Received POST request to /api/auth/register","service":"identity-service","timestamp":"2026-06-26T11:35:09.379Z"}
{"level":"info","message":"Request body: {\"firstName\":\"Seshu\",\"lastName\":\"Yaswanth Reddy\",\"email\":\"seshuyaswanth@gmail.com\",\"password\":\"[HIDDEN]\"}","service":"identity-service","timestamp":"2026-06-26T11:35:09.380Z"}
{"level":"info","message":"register controller hit..","service":"identity-service","timestamp":"2026-06-26T11:35:09.383Z"}
{"level":"warn","message":"User already exists","service":"identity-service","timestamp":"2026-06-26T11:35:09.432Z"}
{"level":"info","message":"Received POST request to /api/auth/register","service":"identity-service","timestamp":"2026-06-26T11:35:10.201Z"}
{"level":"info","message":"Request body: {\"firstName\":\"Seshu\",\"lastName\":\"Yaswanth Reddy\",\"email\":\"seshuyaswanth@gmail.com\",\"password\":\"[HIDDEN]\"}","service":"identity-service","timestamp":"2026-06-26T11:35:10.201Z"}
{"level":"info","message":"register controller hit..","service":"identity-service","timestamp":"2026-06-26T11:35:10.204Z"}
{"level":"warn","message":"User already exists","service":"identity-service","timestamp":"2026-06-26T11:35:10.252Z"}
{"level":"info","message":"Received POST request to /api/auth/register","service":"identity-service","timestamp":"2026-06-26T11:35:10.938Z"}
{"level":"info","message":"Request body: {\"firstName\":\"Seshu\",\"lastName\":\"Yaswanth Reddy\",\"email\":\"seshuyaswanth@gmail.com\",\"password\":\"[HIDDEN]\"}","service":"identity-service","timestamp":"2026-06-26T11:35:10.938Z"}
{"level":"info","message":"register controller hit..","service":"identity-service","timestamp":"2026-06-26T11:35:10.941Z"}
{"level":"warn","message":"User already exists","service":"identity-service","timestamp":"2026-06-26T11:35:10.972Z"}
{"level":"info","message":"Received POST request to /api/auth/register","service":"identity-service","timestamp":"2026-06-26T11:35:11.728Z"}
{"level":"info","message":"Request body: {\"firstName\":\"Seshu\",\"lastName\":\"Yaswanth Reddy\",\"email\":\"seshuyaswanth@gmail.com\",\"password\":\"[HIDDEN]\"}","service":"identity-service","timestamp":"2026-06-26T11:35:11.729Z"}
{"level":"info","message":"register controller hit..","service":"identity-service","timestamp":"2026-06-26T11:35:11.732Z"}
{"level":"warn","message":"User already exists","service":"identity-service","timestamp":"2026-06-26T11:35:11.758Z"}
{"level":"info","message":"Received POST request to /api/auth/register","service":"identity-service","timestamp":"2026-06-26T11:35:12.597Z"}
{"level":"info","message":"Request body: {\"firstName\":\"Seshu\",\"lastName\":\"Yaswanth Reddy\",\"email\":\"seshuyaswanth@gmail.com\",\"password\":\"[HIDDEN]\"}","service":"identity-service","timestamp":"2026-06-26T11:35:12.598Z"}
{"level":"info","message":"register controller hit..","service":"identity-service","timestamp":"2026-06-26T11:35:12.600Z"}
{"level":"warn","message":"User already exists","service":"identity-service","timestamp":"2026-06-26T11:35:12.627Z"}
{"level":"info","message":"Received POST request to /api/auth/register","service":"identity-service","timestamp":"2026-06-26T11:35:13.221Z"}
{"level":"info","message":"Request body: {\"firstName\":\"Seshu\",\"lastName\":\"Yaswanth Reddy\",\"email\":\"seshuyaswanth@gmail.com\",\"password\":\"[HIDDEN]\"}","service":"identity-service","timestamp":"2026-06-26T11:35:13.222Z"}
{"level":"info","message":"register controller hit..","service":"identity-service","timestamp":"2026-06-26T11:35:13.227Z"}
{"level":"warn","message":"User already exists","service":"identity-service","timestamp":"2026-06-26T11:35:13.266Z"}
{"level":"info","message":"Received POST request to /api/auth/register","service":"identity-service","timestamp":"2026-06-26T11:35:14.038Z"}
{"level":"info","message":"Request body: {\"firstName\":\"Seshu\",\"lastName\":\"Yaswanth Reddy\",\"email\":\"seshuyaswanth@gmail.com\",\"password\":\"[HIDDEN]\"}","service":"identity-service","timestamp":"2026-06-26T11:35:14.039Z"}
{"level":"info","message":"register controller hit..","service":"identity-service","timestamp":"2026-06-26T11:35:14.042Z"}
{"level":"warn","message":"User already exists","service":"identity-service","timestamp":"2026-06-26T11:35:14.091Z"}
{"level":"info","message":"Received POST request to /api/auth/register","service":"identity-service","timestamp":"2026-06-26T11:35:14.871Z"}
{"level":"info","message":"Request body: {\"firstName\":\"Seshu\",\"lastName\":\"Yaswanth Reddy\",\"email\":\"seshuyaswanth@gmail.com\",\"password\":\"[HIDDEN]\"}","service":"identity-service","timestamp":"2026-06-26T11:35:14.872Z"}
{"level":"info","message":"register controller hit..","service":"identity-service","timestamp":"2026-06-26T11:35:14.874Z"}
{"level":"warn","message":"User already exists","service":"identity-service","timestamp":"2026-06-26T11:35:14.904Z"}
{"level":"info","message":"Received POST request to /api/auth/register","service":"identity-service","timestamp":"2026-06-26T11:35:15.825Z"}
{"level":"info","message":"Request body: {\"firstName\":\"Seshu\",\"lastName\":\"Yaswanth Reddy\",\"email\":\"seshuyaswanth@gmail.com\",\"password\":\"[HIDDEN]\"}","service":"identity-service","timestamp":"2026-06-26T11:35:15.826Z"}
{"level":"info","message":"register controller hit..","service":"identity-service","timestamp":"2026-06-26T11:35:15.830Z"}
{"level":"warn","message":"User already exists","service":"identity-service","timestamp":"2026-06-26T11:35:15.860Z"}
{"level":"info","message":"Received POST request to /api/auth/register","service":"identity-service","timestamp":"2026-06-26T11:35:16.760Z"}
{"level":"info","message":"Request body: {\"firstName\":\"Seshu\",\"lastName\":\"Yaswanth Reddy\",\"email\":\"seshuyaswanth@gmail.com\",\"password\":\"[HIDDEN]\"}","service":"identity-service","timestamp":"2026-06-26T11:35:16.761Z"}
{"level":"info","message":"register controller hit..","service":"identity-service","timestamp":"2026-06-26T11:35:16.764Z"}
{"level":"warn","message":"User already exists","service":"identity-service","timestamp":"2026-06-26T11:35:16.802Z"}
{"level":"info","message":"Received POST request to /api/auth/register","service":"identity-service","timestamp":"2026-06-26T11:35:17.602Z"}
{"level":"info","message":"Request body: {\"firstName\":\"Seshu\",\"lastName\":\"Yaswanth Reddy\",\"email\":\"seshuyaswanth@gmail.com\",\"password\":\"[HIDDEN]\"}","service":"identity-service","timestamp":"2026-06-26T11:35:17.603Z"}
{"level":"info","message":"register controller hit..","service":"identity-service","timestamp":"2026-06-26T11:35:17.606Z"}
{"level":"warn","message":"User already exists","service":"identity-service","timestamp":"2026-06-26T11:35:17.654Z"}
{"level":"info","message":"Received POST request to /api/auth/register","service":"identity-service","timestamp":"2026-06-26T11:35:18.995Z"}
{"level":"info","message":"Request body: {\"firstName\":\"Seshu\",\"lastName\":\"Yaswanth Reddy\",\"email\":\"seshuyaswanth@gmail.com\",\"password\":\"[HIDDEN]\"}","service":"identity-service","timestamp":"2026-06-26T11:35:18.996Z"}
{"level":"info","message":"register controller hit..","service":"identity-service","timestamp":"2026-06-26T11:35:18.999Z"}
{"level":"warn","message":"User already exists","service":"identity-service","timestamp":"2026-06-26T11:35:19.193Z"}
{"level":"info","message":"Received POST request to /api/auth/register","service":"identity-service","timestamp":"2026-06-26T11:35:19.659Z"}
{"level":"info","message":"Request body: {\"firstName\":\"Seshu\",\"lastName\":\"Yaswanth Reddy\",\"email\":\"seshuyaswanth@gmail.com\",\"password\":\"[HIDDEN]\"}","service":"identity-service","timestamp":"2026-06-26T11:35:19.660Z"}
{"level":"info","message":"register controller hit..","service":"identity-service","timestamp":"2026-06-26T11:35:19.662Z"}
{"level":"warn","message":"User already exists","service":"identity-service","timestamp":"2026-06-26T11:35:19.693Z"}
{"level":"info","message":"Received POST request to /api/auth/register","service":"identity-service","timestamp":"2026-06-26T11:35:21.084Z"}
{"level":"info","message":"Request body: {\"firstName\":\"Seshu\",\"lastName\":\"Yaswanth Reddy\",\"email\":\"seshuyaswanth@gmail.com\",\"password\":\"[HIDDEN]\"}","service":"identity-service","timestamp":"2026-06-26T11:35:21.085Z"}
{"level":"info","message":"register controller hit..","service":"identity-service","timestamp":"2026-06-26T11:35:21.088Z"}
{"level":"warn","message":"User already exists","service":"identity-service","timestamp":"2026-06-26T11:35:21.117Z"}
{"level":"info","message":"Received POST request to /api/auth/register","service":"identity-service","timestamp":"2026-06-26T11:36:14.527Z"}
{"level":"info","message":"Request body: {\"firstName\":\"Su\",\"lastName\":\"Yaswanth Reddy\",\"email\":\"seshuyaswanth@gmail.com\",\"password\":\"[HIDDEN]\"}","service":"identity-service","timestamp":"2026-06-26T11:36:14.527Z"}
{"level":"info","message":"register controller hit..","service":"identity-service","timestamp":"2026-06-26T11:36:14.530Z"}
{"level":"warn","message":"Validation error: \"firstName\" length must be at least 3 characters long","service":"identity-service","timestamp":"2026-06-26T11:36:14.537Z"}
{"level":"info","message":"Received POST request to /api/auth/register","service":"identity-service","timestamp":"2026-06-26T11:36:20.972Z"}
{"level":"info","message":"Request body: {\"firstName\":\"Su\",\"lastName\":\"Yaswanth Reddy\",\"email\":\"seshuyaswanthgmail.com\",\"password\":\"[HIDDEN]\"}","service":"identity-service","timestamp":"2026-06-26T11:36:20.973Z"}
{"level":"info","message":"register controller hit..","service":"identity-service","timestamp":"2026-06-26T11:36:20.976Z"}
{"level":"warn","message":"Validation error: \"firstName\" length must be at least 3 characters long","service":"identity-service","timestamp":"2026-06-26T11:36:20.979Z"}
{"level":"info","message":"Received POST request to /api/auth/register","service":"identity-service","timestamp":"2026-06-26T11:36:27.005Z"}
{"level":"info","message":"Request body: {\"firstName\":\"Shhhu\",\"lastName\":\"Yaswanth Reddy\",\"email\":\"seshuyaswanthgmail.com\",\"password\":\"[HIDDEN]\"}","service":"identity-service","timestamp":"2026-06-26T11:36:27.006Z"}
{"level":"info","message":"register controller hit..","service":"identity-service","timestamp":"2026-06-26T11:36:27.008Z"}
{"level":"warn","message":"Validation error: \"email\" must be a valid email","service":"identity-service","timestamp":"2026-06-26T11:36:27.011Z"}
{"level":"info","message":"Received POST request to /api/auth/register","service":"identity-service","timestamp":"2026-06-26T11:36:34.668Z"}
{"level":"info","message":"Request body: {\"firstName\":\"Shhhu\",\"lastName\":\"Yaswanth Reddy\",\"email\":\"seshuyaswanth@gmail.com\",\"password\":\"[HIDDEN]\"}","service":"identity-service","timestamp":"2026-06-26T11:36:34.669Z"}
{"level":"info","message":"register controller hit..","service":"identity-service","timestamp":"2026-06-26T11:36:34.672Z"}
{"level":"warn","message":"User already exists","service":"identity-service","timestamp":"2026-06-26T11:36:34.704Z"}
{"level":"info","message":"Server is running at port: 3001","service":"identity-service","timestamp":"2026-06-26T11:40:39.830Z"}
{"level":"info","message":"Received POST request to /api/auth/register","service":"identity-service","timestamp":"2026-06-26T11:40:52.070Z"}
{"level":"info","message":"Request body: {\"firstName\":\"Deepika\",\"lastName\":\"Reddy\",\"email\":\"deepika@gmail.com\",\"password\":\"[HIDDEN]\"}","service":"identity-service","timestamp":"2026-06-26T11:40:52.072Z"}
{"level":"info","message":"register controller hit..","service":"identity-service","timestamp":"2026-06-26T11:40:52.090Z"}
{"level":"info","message":"Received POST request to /api/auth/register","service":"identity-service","timestamp":"2026-06-26T11:41:06.821Z"}
{"level":"info","message":"Request body: {\"firstName\":\"Rama\",\"lastName\":\"Devi\",\"email\":\"ramadevi@gmail.com\",\"password\":\"[HIDDEN]\"}","service":"identity-service","timestamp":"2026-06-26T11:41:06.823Z"}
{"level":"info","message":"register controller hit..","service":"identity-service","timestamp":"2026-06-26T11:41:06.830Z"}
{"level":"info","message":"Received POST request to /api/auth/register","service":"identity-service","timestamp":"2026-06-26T11:41:16.359Z"}
{"level":"info","message":"Request body: {\"firstName\":\"Ram\",\"lastName\":\"Dev\",\"email\":\"ramadev@gmail.com\",\"password\":\"[HIDDEN]\"}","service":"identity-service","timestamp":"2026-06-26T11:41:16.360Z"}
{"level":"warn","message":"Sensitive endpoint rate limit exceeded for IP: ::1","service":"identity-service","timestamp":"2026-06-26T11:41:16.365Z"}
{"level":"info","message":"Server is running at port: 3001","service":"identity-service","timestamp":"2026-06-26T11:41:29.455Z"}
{"level":"info","message":"Received POST request to /api/auth/register","service":"identity-service","timestamp":"2026-06-26T11:41:35.078Z"}
{"level":"info","message":"Request body: {\"firstName\":\"Ram\",\"lastName\":\"Dev\",\"email\":\"ramadev@gmail.com\",\"password\":\"[HIDDEN]\"}","service":"identity-service","timestamp":"2026-06-26T11:41:35.080Z"}
{"level":"info","message":"register controller hit..","service":"identity-service","timestamp":"2026-06-26T11:41:35.109Z"}
{"level":"info","message":"Server is running at port: 3001","service":"identity-service","timestamp":"2026-06-26T12:59:02.438Z"}
{"level":"info","message":"Received POST request to /api/auth/register","service":"identity-service","timestamp":"2026-06-26T12:59:09.614Z"}
{"level":"info","message":"Request body: {\"firstName\":\"Ram\",\"lastName\":\"Dev\",\"email\":\"ramadev@gmail.com\",\"password\":\"[HIDDEN]\"}","service":"identity-service","timestamp":"2026-06-26T12:59:09.616Z"}
{"level":"info","message":"register controller hit..","service":"identity-service","timestamp":"2026-06-26T12:59:09.641Z"}
{"level":"info","message":"Server is running at port: 3001","service":"identity-service","timestamp":"2026-06-26T13:01:24.810Z"}
{"level":"info","message":"Received POST request to /api/auth/register","service":"identity-service","timestamp":"2026-06-26T13:01:26.819Z"}
{"level":"info","message":"Request body: {\"firstName\":\"Ram\",\"lastName\":\"Dev\",\"email\":\"ramadev@gmail.com\",\"password\":\"[HIDDEN]\"}","service":"identity-service","timestamp":"2026-06-26T13:01:26.821Z"}
{"level":"info","message":"register controller hit..","service":"identity-service","timestamp":"2026-06-26T13:01:26.848Z"}
{"level":"warn","message":"User already exists","service":"identity-service","timestamp":"2026-06-26T13:01:26.975Z"}
{"level":"info","message":"Server is running at port: 3001","service":"identity-service","timestamp":"2026-06-26T13:35:20.255Z"}
{"level":"info","message":"Received POST request to /api/auth/register","service":"identity-service","timestamp":"2026-06-26T13:37:28.514Z"}
{"level":"info","message":"Request body: {\"firstName\":\"Sravana\",\"lastName\":\"Sandhya\",\"email\":\"sravana@gmail.com\",\"password\":\"[HIDDEN]\"}","service":"identity-service","timestamp":"2026-06-26T13:37:28.517Z"}
{"level":"info","message":"register controller hit..","service":"identity-service","timestamp":"2026-06-26T13:37:28.542Z"}
